<?xml version="1.0" encoding="UTF-8"?>
<!-- Generated by org.testng.reporters.JUnitReportReporter -->
<testsuite hostname="LQA-KHURRAMMUSLIM" failures="0" tests="1" name="tests.TestExecutionWeb" time="21.518" errors="0" timestamp="2022-08-08T03:36:58 PKT" skipped="0">
  <testcase classname="tests.TestExecutionWeb" name="WebTest" time="21.518"/>
  <system-out/>
</testsuite> <!-- tests.TestExecutionWeb -->
